[ 2023-03-30 15:59:25,434 ] 16 root - INFO - Reading the raw data from directory
[ 2023-03-30 15:59:25,473 ] 23 root - INFO - Preparing list of dataframes
[ 2023-03-30 15:59:25,473 ] 14 root - INFO - Function to drop 'Unnamed' column
[ 2023-03-30 15:59:25,475 ] 42 root - INFO - Converting "Volume" column values to numerical
[ 2023-03-30 15:59:25,478 ] 58 root - INFO - Converting 'Chg%' column the values to numerical
[ 2023-03-30 15:59:25,479 ] 63 root - INFO - Converting datatype of 'Date' column
[ 2023-03-30 15:59:25,479 ] 64 root - INFO - Removing the extra characters from Date column
[ 2023-03-30 15:59:25,705 ] 70 root - INFO - Setting 'Date' as index
[ 2023-03-30 15:59:25,705 ] 14 root - INFO - Function to drop 'Unnamed' column
[ 2023-03-30 15:59:25,706 ] 42 root - INFO - Converting "Volume" column values to numerical
[ 2023-03-30 15:59:25,709 ] 58 root - INFO - Converting 'Chg%' column the values to numerical
[ 2023-03-30 15:59:25,711 ] 63 root - INFO - Converting datatype of 'Date' column
[ 2023-03-30 15:59:25,711 ] 64 root - INFO - Removing the extra characters from Date column
[ 2023-03-30 15:59:25,919 ] 70 root - INFO - Setting 'Date' as index
[ 2023-03-30 15:59:25,920 ] 14 root - INFO - Function to drop 'Unnamed' column
[ 2023-03-30 15:59:25,920 ] 42 root - INFO - Converting "Volume" column values to numerical
[ 2023-03-30 15:59:25,923 ] 58 root - INFO - Converting 'Chg%' column the values to numerical
[ 2023-03-30 15:59:25,924 ] 63 root - INFO - Converting datatype of 'Date' column
[ 2023-03-30 15:59:25,925 ] 64 root - INFO - Removing the extra characters from Date column
[ 2023-03-30 15:59:26,130 ] 70 root - INFO - Setting 'Date' as index
[ 2023-03-30 15:59:26,130 ] 14 root - INFO - Function to drop 'Unnamed' column
[ 2023-03-30 15:59:26,131 ] 42 root - INFO - Converting "Volume" column values to numerical
[ 2023-03-30 15:59:26,133 ] 58 root - INFO - Converting 'Chg%' column the values to numerical
[ 2023-03-30 15:59:26,135 ] 63 root - INFO - Converting datatype of 'Date' column
[ 2023-03-30 15:59:26,135 ] 64 root - INFO - Removing the extra characters from Date column
[ 2023-03-30 15:59:26,337 ] 70 root - INFO - Setting 'Date' as index
[ 2023-03-30 15:59:26,338 ] 14 root - INFO - Function to drop 'Unnamed' column
[ 2023-03-30 15:59:26,339 ] 42 root - INFO - Converting "Volume" column values to numerical
[ 2023-03-30 15:59:26,341 ] 58 root - INFO - Converting 'Chg%' column the values to numerical
[ 2023-03-30 15:59:26,343 ] 63 root - INFO - Converting datatype of 'Date' column
[ 2023-03-30 15:59:26,343 ] 64 root - INFO - Removing the extra characters from Date column
[ 2023-03-30 15:59:26,558 ] 70 root - INFO - Setting 'Date' as index
